Starting NEI Filter scripting. This might take a moment to load all the modules...
Engine: JAVASCRIPT
Setting up Java Library...
Setting up FML Library...
Setting up NEI Library...
Setting up CreativeTab library...
Found creative tab: Artifice
Found creative tab: Artifice Worldgen
Found creative tab: tab.backpacks
Found creative tab: materials
Found creative tab: tools
Found creative tab: tabBiomesOPlenty
Found creative tab: Botania
Found creative tab: misc
Found creative tab: enchiridion
Found creative tab: decorations
Found creative tab: food
Found creative tab: tabGrowthCraft
Found creative tab: tabGrCCellar
Found creative tab: Hardcore Questing Mode
Found creative tab: redstone
Found creative tab: jabba
Found creative tab: Metallurgy.Tools
Found creative tab: Metallurgy.Items
Found creative tab: Metallurgy.Machines
Found creative tab: Metallurgy.Blocks
Found creative tab: Metallurgy.Armor
Found creative tab: metallurgyCore.items
Found creative tab: natura.plants
Found creative tab: transportation
Found creative tab: natura.nether
Found creative tab: natura.trees
Found creative tab: buildingBlocks
Found creative tab: Nether Ores
Found creative tab: tabOpenBlocks
Found creative tab: core
Found creative tab: exploration
Found creative tab: Random Things
Found creative tab: thermalfoundation.creativeTab
Found creative tab: aobd
Found creative tab: aura
Found creative tab: ChocoCraft
Found creative tab: erebus.plants
Found creative tab: erebus.block
Found creative tab: erebus.special
Found creative tab: erebus.gear
Found creative tab: erebus.item
Found creative tab: combat
Found creative tab: Eureka
Found creative tab: ganyssurface
Found creative tab: LotsOMobsItems
Found creative tab: LotsOMobsCombat
Found creative tab: LotsOMobsBlock
Found creative tab: Falling Meteors Mod
Found creative tab: brewing
Found creative tab: tabPrimitiveMobs
Found creative tab: inventoryGenerators
Found creative tab: structureTools
Setting up ForgeMicroblock Library...
Loading table of contents for module: custom_nei_filters, 1.0, Author: denoflionsx
Bootstrap setting found. Loading: Bootstrap.js
Loading: vanilla.js
hide called. Params: minecraft, portal
Regex match found! minecraft:portal matches minecraft:portal.
Found ItemStack minecraft:portal. 64xtile.portal@0
hide called. Params: minecraft, end_portal
Regex match found! minecraft:end_portal matches minecraft:end_portal.
Found ItemStack minecraft:end_portal. 64xtile.null@0
hide called. Params: minecraft, fire
Regex match found! minecraft:fire matches minecraft:fire.
Found ItemStack minecraft:fire. 64xtile.fire@0
hide called. Params: minecraft, water
Regex match found! minecraft:water matches minecraft:water.
Found ItemStack minecraft:water. 64xtile.water@0
hide called. Params: minecraft, lava
Regex match found! minecraft:lava matches minecraft:lava.
Found ItemStack minecraft:lava. 64xtile.lava@0
hide called. Params: minecraft, mob_spawner
Regex match found! minecraft:mob_spawner matches minecraft:mob_spawner.
Found ItemStack minecraft:mob_spawner. 64xtile.mobSpawner@0
override called. Params: minecraft, potion, 0
Regex match found! minecraft:potion matches minecraft:potion.
Found ItemStack minecraft:potion. 1xitem.potion@0
override called. Params: minecraft, spawn_egg, 0
Regex match found! minecraft:spawn_egg matches minecraft:spawn_egg.
Found ItemStack minecraft:spawn_egg. 64xitem.monsterPlacer@0
Loading: ThermalExpansion.js
Loading: Mekanism.js
Loading: ForgeMicroblock.js
getRandomMaterial called. Returned: tile.RareTree0
obliterate_microblocks called (version in info.inpureprojects.core.NEI.gtfoMicroblocks.ScriptObjects.ForgeMicroblockObject). Params: 1,2,4,257,258,260,513,514,516,769,770,772, tile.RareTree0
Loading: ExtraUtilities.js
Loading: BuildCraft.js
Loading: Bibliocraft.js
Loading: AppliedEnergistics2.js
Loading: Tcon.js
Loading: MFR.js
